# JRE version: OpenJDK Runtime Environment (11.0.13) (build 11.0.13+0-b1751.21-8125866)
# Java VM: OpenJDK 64-Bit Server VM (11.0.13+0-b1751.21-8125866, mixed mode, tiered, compressed oops, g1 gc, windows-amd64)
Heap:
 garbage-first heap   total 260096K, used 182996K [0x0000000080000000, 0x0000000100000000)
  region size 1024K, 65 young (66560K), 2 survivors (2048K)
 Metaspace       used 128975K, capacity 132893K, committed 135420K, reserved 1167360K
  class space    used 16027K, capacity 17577K, committed 18636K, reserved 1048576K
GC Heap History (20 events):
Event: 676.994 GC heap before
{Heap before GC invocations=36 (full 0):
 garbage-first heap   total 260096K, used 162714K [0x0000000080000000, 0x0000000100000000)
  region size 1024K, 29 young (29696K), 2 survivors (2048K)
 Metaspace       used 127000K, capacity 130439K, committed 134396K, reserved 1165312K
  class space    used 15798K, capacity 17178K, committed 18636K, reserved 1048576K
}
Event: 676.997 GC heap after
{Heap after GC invocations=37 (full 0):
 garbage-first heap   total 260096K, used 137473K [0x0000000080000000, 0x0000000100000000)
  region size 1024K, 2 young (2048K), 2 survivors (2048K)
 Metaspace       used 127000K, capacity 130439K, committed 134396K, reserved 1165312K
  class space    used 15798K, capacity 17178K, committed 18636K, reserved 1048576K
}
Event: 729.143 GC heap before
{Heap before GC invocations=38 (full 0):
 garbage-first heap   total 260096K, used 191745K [0x0000000080000000, 0x0000000100000000)
  region size 1024K, 53 young (54272K), 2 survivors (2048K)
 Metaspace       used 127315K, capacity 130907K, committed 134652K, reserved 1165312K
  class space    used 15823K, capacity 17224K, committed 18636K, reserved 1048576K
}
Event: 729.146 GC heap after
{Heap after GC invocations=39 (full 0):
 garbage-first heap   total 260096K, used 132546K [0x0000000080000000, 0x0000000100000000)
  region size 1024K, 7 young (7168K), 7 survivors (7168K)
 Metaspace       used 127315K, capacity 130907K, committed 134652K, reserved 1165312K
  class space    used 15823K, capacity 17224K, committed 18636K, reserved 1048576K
}
Event: 729.161 GC heap before
{Heap before GC invocations=39 (full 0):
 garbage-first heap   total 260096K, used 137666K [0x0000000080000000, 0x0000000100000000)
  region size 1024K, 12 young (12288K), 7 survivors (7168K)
 Metaspace       used 127319K, capacity 130907K, committed 134652K, reserved 1165312K
  class space    used 15823K, capacity 17224K, committed 18636K, reserved 1048576K
}
Event: 729.165 GC heap after
{Heap after GC invocations=40 (full 0):
 garbage-first heap   total 260096K, used 120403K [0x0000000080000000, 0x0000000100000000)
  region size 1024K, 2 young (2048K), 2 survivors (2048K)
 Metaspace       used 127319K, capacity 130907K, committed 134652K, reserved 1165312K
  class space    used 15823K, capacity 17224K, committed 18636K, reserved 1048576K
}
Event: 729.180 GC heap before
{Heap before GC invocations=40 (full 0):
 garbage-first heap   total 260096K, used 126547K [0x0000000080000000, 0x0000000100000000)
  region size 1024K, 9 young (9216K), 2 survivors (2048K)
 Metaspace       used 127331K, capacity 130913K, committed 134652K, reserved 1165312K
  class space    used 15823K, capacity 17225K, committed 18636K, reserved 1048576K
}
Event: 729.183 GC heap after
{Heap after GC invocations=41 (full 0):
 garbage-first heap   total 260096K, used 120420K [0x0000000080000000, 0x0000000100000000)
  region size 1024K, 2 young (2048K), 2 survivors (2048K)
 Metaspace       used 127331K, capacity 130913K, committed 134652K, reserved 1165312K
  class space    used 15823K, capacity 17225K, committed 18636K, reserved 1048576K
}
Event: 729.434 GC heap before
{Heap before GC invocations=42 (full 0):
 garbage-first heap   total 260096K, used 203364K [0x0000000080000000, 0x0000000100000000)
  region size 1024K, 65 young (66560K), 2 survivors (2048K)
 Metaspace       used 127488K, capacity 131051K, committed 134908K, reserved 1165312K
  class space    used 15824K, capacity 17226K, committed 18636K, reserved 1048576K
}
Event: 729.437 GC heap after
{Heap after GC invocations=43 (full 0):
 garbage-first heap   total 260096K, used 123638K [0x0000000080000000, 0x0000000100000000)
  region size 1024K, 5 young (5120K), 5 survivors (5120K)
 Metaspace       used 127488K, capacity 131051K, committed 134908K, reserved 1165312K
  class space    used 15824K, capacity 17226K, committed 18636K, reserved 1048576K
}
Event: 730.259 GC heap before
{Heap before GC invocations=43 (full 0):
 garbage-first heap   total 260096K, used 129782K [0x0000000080000000, 0x0000000100000000)
  region size 1024K, 12 young (12288K), 5 survivors (5120K)
 Metaspace       used 127492K, capacity 131051K, committed 134908K, reserved 1165312K
  class space    used 15824K, capacity 17226K, committed 18636K, reserved 1048576K
}
Event: 730.264 GC heap after
{Heap after GC invocations=44 (full 0):
 garbage-first heap   total 260096K, used 112485K [0x0000000080000000, 0x0000000100000000)
  region size 1024K, 2 young (2048K), 2 survivors (2048K)
 Metaspace       used 127492K, capacity 131051K, committed 134908K, reserved 1165312K
  class space    used 15824K, capacity 17226K, committed 18636K, reserved 1048576K
}
Event: 730.384 GC heap before
{Heap before GC invocations=44 (full 0):
 garbage-first heap   total 260096K, used 151397K [0x0000000080000000, 0x0000000100000000)
  region size 1024K, 42 young (43008K), 2 survivors (2048K)
 Metaspace       used 127517K, capacity 131054K, committed 134908K, reserved 1165312K
  class space    used 15824K, capacity 17227K, committed 18636K, reserved 1048576K
}
Event: 730.386 GC heap after
{Heap after GC invocations=45 (full 0):
 garbage-first heap   total 260096K, used 112640K [0x0000000080000000, 0x0000000100000000)
  region size 1024K, 2 young (2048K), 2 survivors (2048K)
 Metaspace       used 127517K, capacity 131054K, committed 134908K, reserved 1165312K
  class space    used 15824K, capacity 17227K, committed 18636K, reserved 1048576K
}
Event: 803.003 GC heap before
{Heap before GC invocations=46 (full 0):
 garbage-first heap   total 260096K, used 188416K [0x0000000080000000, 0x0000000100000000)
  region size 1024K, 65 young (66560K), 2 survivors (2048K)
 Metaspace       used 127665K, capacity 131131K, committed 134908K, reserved 1165312K
  class space    used 15825K, capacity 17228K, committed 18636K, reserved 1048576K
}
Event: 803.011 GC heap after
{Heap after GC invocations=47 (full 0):
 garbage-first heap   total 260096K, used 118684K [0x0000000080000000, 0x0000000100000000)
  region size 1024K, 8 young (8192K), 8 survivors (8192K)
 Metaspace       used 127665K, capacity 131131K, committed 134908K, reserved 1165312K
  class space    used 15825K, capacity 17228K, committed 18636K, reserved 1048576K
}
Event: 804.069 GC heap before
{Heap before GC invocations=48 (full 0):
 garbage-first heap   total 260096K, used 213916K [0x0000000080000000, 0x0000000100000000)
  region size 1024K, 83 young (84992K), 8 survivors (8192K)
 Metaspace       used 128097K, capacity 131702K, committed 135164K, reserved 1165312K
  class space    used 15866K, capacity 17287K, committed 18636K, reserved 1048576K
}
Event: 804.073 GC heap after
{Heap after GC invocations=49 (full 0):
 garbage-first heap   total 260096K, used 119557K [0x0000000080000000, 0x0000000100000000)
  region size 1024K, 2 young (2048K), 2 survivors (2048K)
 Metaspace       used 128097K, capacity 131702K, committed 135164K, reserved 1165312K
  class space    used 15866K, capacity 17287K, committed 18636K, reserved 1048576K
}
Event: 835.247 GC heap before
{Heap before GC invocations=49 (full 0):
 garbage-first heap   total 260096K, used 129797K [0x0000000080000000, 0x0000000100000000)
  region size 1024K, 12 young (12288K), 2 survivors (2048K)
 Metaspace       used 128196K, capacity 131868K, committed 135420K, reserved 1167360K
  class space    used 15877K, capacity 17306K, committed 18636K, reserved 1048576K
}
Event: 835.249 GC heap after
{Heap after GC invocations=50 (full 0):
 garbage-first heap   total 260096K, used 120532K [0x0000000080000000, 0x0000000100000000)
  region size 1024K, 2 young (2048K), 2 survivors (2048K)
 Metaspace       used 128196K, capacity 131868K, committed 135420K, reserved 1167360K
  class space    used 15877K, capacity 17306K, committed 18636K, reserved 1048576K
}

