# JRE version: OpenJDK Runtime Environment (11.0.13) (build 11.0.13+0-b1751.21-8125866)
# Java VM: OpenJDK 64-Bit Server VM (11.0.13+0-b1751.21-8125866, mixed mode, tiered, compressed oops, g1 gc, windows-amd64)
Heap:
 garbage-first heap   total 262144K, used 142150K [0x0000000080000000, 0x0000000100000000)
  region size 1024K, 29 young (29696K), 6 survivors (6144K)
 Metaspace       used 109563K, capacity 111961K, committed 113360K, reserved 1148928K
  class space    used 13548K, capacity 14476K, committed 14976K, reserved 1048576K
GC Heap History (20 events):
Event: 6.111 GC heap before
{Heap before GC invocations=12 (full 0):
 garbage-first heap   total 260096K, used 196868K [0x0000000080000000, 0x0000000100000000)
  region size 1024K, 145 young (148480K), 12 survivors (12288K)
 Metaspace       used 82972K, capacity 84757K, committed 84944K, reserved 1122304K
  class space    used 10607K, capacity 11274K, committed 11392K, reserved 1048576K
}
Event: 6.119 GC heap after
{Heap after GC invocations=13 (full 0):
 garbage-first heap   total 260096K, used 69162K [0x0000000080000000, 0x0000000100000000)
  region size 1024K, 9 young (9216K), 9 survivors (9216K)
 Metaspace       used 82972K, capacity 84757K, committed 84944K, reserved 1122304K
  class space    used 10607K, capacity 11274K, committed 11392K, reserved 1048576K
}
Event: 6.755 GC heap before
{Heap before GC invocations=13 (full 0):
 garbage-first heap   total 260096K, used 201258K [0x0000000080000000, 0x0000000100000000)
  region size 1024K, 139 young (142336K), 9 survivors (9216K)
 Metaspace       used 87169K, capacity 89598K, committed 89680K, reserved 1126400K
  class space    used 11270K, capacity 12209K, committed 12288K, reserved 1048576K
}
Event: 6.761 GC heap after
{Heap after GC invocations=14 (full 0):
 garbage-first heap   total 260096K, used 78253K [0x0000000080000000, 0x0000000100000000)
  region size 1024K, 18 young (18432K), 18 survivors (18432K)
 Metaspace       used 87169K, capacity 89598K, committed 89680K, reserved 1126400K
  class space    used 11270K, capacity 12209K, committed 12288K, reserved 1048576K
}
Event: 7.390 GC heap before
{Heap before GC invocations=14 (full 0):
 garbage-first heap   total 260096K, used 203181K [0x0000000080000000, 0x0000000100000000)
  region size 1024K, 141 young (144384K), 18 survivors (18432K)
 Metaspace       used 93761K, capacity 96254K, committed 96336K, reserved 1132544K
  class space    used 12049K, capacity 13005K, committed 13056K, reserved 1048576K
}
Event: 7.400 GC heap after
{Heap after GC invocations=15 (full 0):
 garbage-first heap   total 260096K, used 85265K [0x0000000080000000, 0x0000000100000000)
  region size 1024K, 17 young (17408K), 17 survivors (17408K)
 Metaspace       used 93761K, capacity 96254K, committed 96336K, reserved 1132544K
  class space    used 12049K, capacity 13005K, committed 13056K, reserved 1048576K
}
Event: 1642.711 GC heap before
{Heap before GC invocations=15 (full 0):
 garbage-first heap   total 260096K, used 237841K [0x0000000080000000, 0x0000000100000000)
  region size 1024K, 136 young (139264K), 17 survivors (17408K)
 Metaspace       used 98826K, capacity 101541K, committed 101840K, reserved 1138688K
  class space    used 12609K, capacity 13628K, committed 13696K, reserved 1048576K
}
Event: 1642.718 GC heap after
{Heap after GC invocations=16 (full 0):
 garbage-first heap   total 262144K, used 90704K [0x0000000080000000, 0x0000000100000000)
  region size 1024K, 13 young (13312K), 13 survivors (13312K)
 Metaspace       used 98826K, capacity 101541K, committed 101840K, reserved 1138688K
  class space    used 12609K, capacity 13628K, committed 13696K, reserved 1048576K
}
Event: 5271.110 GC heap before
{Heap before GC invocations=16 (full 0):
 garbage-first heap   total 262144K, used 210512K [0x0000000080000000, 0x0000000100000000)
  region size 1024K, 131 young (134144K), 13 survivors (13312K)
 Metaspace       used 99878K, capacity 102620K, committed 102736K, reserved 1138688K
  class space    used 12682K, capacity 13743K, committed 13824K, reserved 1048576K
}
Event: 5271.125 GC heap after
{Heap after GC invocations=17 (full 0):
 garbage-first heap   total 262144K, used 97614K [0x0000000080000000, 0x0000000100000000)
  region size 1024K, 13 young (13312K), 13 survivors (13312K)
 Metaspace       used 99878K, capacity 102620K, committed 102736K, reserved 1138688K
  class space    used 12682K, capacity 13743K, committed 13824K, reserved 1048576K
}
Event: 5272.109 GC heap before
{Heap before GC invocations=17 (full 0):
 garbage-first heap   total 262144K, used 217422K [0x0000000080000000, 0x0000000100000000)
  region size 1024K, 126 young (129024K), 13 survivors (13312K)
 Metaspace       used 103937K, capacity 106807K, committed 107088K, reserved 1142784K
  class space    used 13122K, capacity 14224K, committed 14336K, reserved 1048576K
}
Event: 5272.125 GC heap after
{Heap after GC invocations=18 (full 0):
 garbage-first heap   total 262144K, used 122779K [0x0000000080000000, 0x0000000100000000)
  region size 1024K, 16 young (16384K), 16 survivors (16384K)
 Metaspace       used 103937K, capacity 106807K, committed 107088K, reserved 1142784K
  class space    used 13122K, capacity 14224K, committed 14336K, reserved 1048576K
}
Event: 5272.141 GC heap before
{Heap before GC invocations=18 (full 0):
 garbage-first heap   total 262144K, used 133019K [0x0000000080000000, 0x0000000100000000)
  region size 1024K, 17 young (17408K), 16 survivors (16384K)
 Metaspace       used 103939K, capacity 106807K, committed 107088K, reserved 1142784K
  class space    used 13122K, capacity 14224K, committed 14336K, reserved 1048576K
}
Event: 5272.156 GC heap after
{Heap after GC invocations=19 (full 0):
 garbage-first heap   total 262144K, used 127473K [0x0000000080000000, 0x0000000100000000)
  region size 1024K, 1 young (1024K), 1 survivors (1024K)
 Metaspace       used 103939K, capacity 106807K, committed 107088K, reserved 1142784K
  class space    used 13122K, capacity 14224K, committed 14336K, reserved 1048576K
}
Event: 5272.535 GC heap before
{Heap before GC invocations=20 (full 0):
 garbage-first heap   total 262144K, used 178673K [0x0000000080000000, 0x0000000100000000)
  region size 1024K, 48 young (49152K), 1 survivors (1024K)
 Metaspace       used 106103K, capacity 108404K, committed 110160K, reserved 1144832K
  class space    used 13170K, capacity 14059K, committed 14592K, reserved 1048576K
}
Event: 5272.540 GC heap after
{Heap after GC invocations=21 (full 0):
 garbage-first heap   total 262144K, used 125425K [0x0000000080000000, 0x0000000100000000)
  region size 1024K, 3 young (3072K), 3 survivors (3072K)
 Metaspace       used 106103K, capacity 108404K, committed 110160K, reserved 1144832K
  class space    used 13170K, capacity 14059K, committed 14592K, reserved 1048576K
}
Event: 5272.606 GC heap before
{Heap before GC invocations=21 (full 0):
 garbage-first heap   total 262144K, used 134641K [0x0000000080000000, 0x0000000100000000)
  region size 1024K, 12 young (12288K), 3 survivors (3072K)
 Metaspace       used 106271K, capacity 108564K, committed 110160K, reserved 1144832K
  class space    used 13191K, capacity 14091K, committed 14592K, reserved 1048576K
}
Event: 5272.614 GC heap after
{Heap after GC invocations=22 (full 0):
 garbage-first heap   total 262144K, used 115963K [0x0000000080000000, 0x0000000100000000)
  region size 1024K, 2 young (2048K), 2 survivors (2048K)
 Metaspace       used 106271K, capacity 108564K, committed 110160K, reserved 1144832K
  class space    used 13191K, capacity 14091K, committed 14592K, reserved 1048576K
}
Event: 5274.891 GC heap before
{Heap before GC invocations=22 (full 0):
 garbage-first heap   total 262144K, used 175355K [0x0000000080000000, 0x0000000100000000)
  region size 1024K, 61 young (62464K), 2 survivors (2048K)
 Metaspace       used 108237K, capacity 110635K, committed 112080K, reserved 1146880K
  class space    used 13369K, capacity 14272K, committed 14720K, reserved 1048576K
}
Event: 5274.895 GC heap after
{Heap after GC invocations=23 (full 0):
 garbage-first heap   total 262144K, used 119622K [0x0000000080000000, 0x0000000100000000)
  region size 1024K, 6 young (6144K), 6 survivors (6144K)
 Metaspace       used 108237K, capacity 110635K, committed 112080K, reserved 1146880K
  class space    used 13369K, capacity 14272K, committed 14720K, reserved 1048576K
}

